[0.043s] Invoking command in '/home/ngvedu/test1_ws/build/sense_origin_build': CMAKE_PREFIX_PATH=${CMAKE_PREFIX_PATH}:/opt/ros/foxy /usr/bin/cmake --build /home/ngvedu/test1_ws/build/sense_origin_build -- -j2 -l2
[0.145s] [35m[1mScanning dependencies of target Sense[0m
[0.214s] [ 33%] [32mBuilding CXX object CMakeFiles/Sense.dir/src/ert_main.cpp.o[0m
[2.818s] [ 66%] [32m[1mLinking CXX executable Sense[0m
[3.080s] [100%] Built target Sense
[3.102s] Invoked command in '/home/ngvedu/test1_ws/build/sense_origin_build' returned '0': CMAKE_PREFIX_PATH=${CMAKE_PREFIX_PATH}:/opt/ros/foxy /usr/bin/cmake --build /home/ngvedu/test1_ws/build/sense_origin_build -- -j2 -l2
[3.166s] Invoking command in '/home/ngvedu/test1_ws/build/sense_origin_build': CMAKE_PREFIX_PATH=${CMAKE_PREFIX_PATH}:/opt/ros/foxy /usr/bin/cmake --install /home/ngvedu/test1_ws/build/sense_origin_build
[3.179s] -- Install configuration: ""
[3.181s] -- Installing: /home/ngvedu/test1_ws/install/sense_origin_build/lib/sense_origin_build/Sense
[3.181s] -- Up-to-date: /home/ngvedu/test1_ws/install/sense_origin_build/share/ament_index/resource_index/package_run_dependencies/sense_origin_build
[3.182s] -- Up-to-date: /home/ngvedu/test1_ws/install/sense_origin_build/share/ament_index/resource_index/parent_prefix_path/sense_origin_build
[3.182s] -- Up-to-date: /home/ngvedu/test1_ws/install/sense_origin_build/share/sense_origin_build/environment/ament_prefix_path.sh
[3.182s] -- Up-to-date: /home/ngvedu/test1_ws/install/sense_origin_build/share/sense_origin_build/environment/ament_prefix_path.dsv
[3.183s] -- Up-to-date: /home/ngvedu/test1_ws/install/sense_origin_build/share/sense_origin_build/environment/path.sh
[3.183s] -- Up-to-date: /home/ngvedu/test1_ws/install/sense_origin_build/share/sense_origin_build/environment/path.dsv
[3.183s] -- Up-to-date: /home/ngvedu/test1_ws/install/sense_origin_build/share/sense_origin_build/local_setup.bash
[3.184s] -- Up-to-date: /home/ngvedu/test1_ws/install/sense_origin_build/share/sense_origin_build/local_setup.sh
[3.184s] -- Up-to-date: /home/ngvedu/test1_ws/install/sense_origin_build/share/sense_origin_build/local_setup.zsh
[3.184s] -- Up-to-date: /home/ngvedu/test1_ws/install/sense_origin_build/share/sense_origin_build/local_setup.dsv
[3.184s] -- Installing: /home/ngvedu/test1_ws/install/sense_origin_build/share/sense_origin_build/package.dsv
[3.186s] -- Up-to-date: /home/ngvedu/test1_ws/install/sense_origin_build/share/ament_index/resource_index/packages/sense_origin_build
[3.186s] -- Up-to-date: /home/ngvedu/test1_ws/install/sense_origin_build/share/sense_origin_build/cmake/ament_cmake_export_include_directories-extras.cmake
[3.186s] -- Up-to-date: /home/ngvedu/test1_ws/install/sense_origin_build/share/sense_origin_build/cmake/sense_origin_buildConfig.cmake
[3.187s] -- Up-to-date: /home/ngvedu/test1_ws/install/sense_origin_build/share/sense_origin_build/cmake/sense_origin_buildConfig-version.cmake
[3.187s] -- Up-to-date: /home/ngvedu/test1_ws/install/sense_origin_build/share/sense_origin_build/package.xml
[3.198s] Invoked command in '/home/ngvedu/test1_ws/build/sense_origin_build' returned '0': CMAKE_PREFIX_PATH=${CMAKE_PREFIX_PATH}:/opt/ros/foxy /usr/bin/cmake --install /home/ngvedu/test1_ws/build/sense_origin_build
