[0.032s] Invoking command in '/home/ngvedu/test1_ws/build/sense_origin_build': CMAKE_PREFIX_PATH=/opt/ros/foxy /usr/bin/cmake --build /home/ngvedu/test1_ws/build/sense_origin_build -- -j2 -l2
[0.101s] -- Found ament_cmake: 0.9.9 (/opt/ros/foxy/share/ament_cmake/cmake)
[0.136s] -- Using PYTHON_EXECUTABLE: /usr/bin/python3
[0.376s] -- Found rclcpp: 2.4.0 (/opt/ros/foxy/share/rclcpp/cmake)
[0.586s] -- Using all available rosidl_typesupport_c: rosidl_typesupport_fastrtps_c;rosidl_typesupport_introspection_c
[0.590s] -- Found rosidl_adapter: 1.2.1 (/opt/ros/foxy/share/rosidl_adapter/cmake)
[4.744s] -- Using all available rosidl_typesupport_cpp: rosidl_typesupport_fastrtps_cpp;rosidl_typesupport_introspection_cpp
[4.809s] -- Found rmw_implementation_cmake: 1.0.3 (/opt/ros/foxy/share/rmw_implementation_cmake/cmake)
[4.811s] -- Using RMW implementation 'rmw_fastrtps_cpp' as default
[5.030s] -- Found ament_lint_auto: 0.9.6 (/opt/ros/foxy/share/ament_lint_auto/cmake)
[5.132s] -- Added test 'copyright' to check source files copyright and LICENSE
[5.133s] -- Added test 'cppcheck' to perform static code analysis on C / C++ code
[5.133s] -- Configured cppcheck include dirs: /home/ngvedu/test1_ws/src/sense_origin_build/include/sense_origin_build;$<BUILD_INTERFACE:/home/ngvedu/test1_ws/src/sense_origin_build/include>
[5.134s] -- Configured cppcheck exclude dirs and/or files: 
[5.135s] -- Added test 'cpplint' to check C / C++ code against the Google style
[5.135s] -- Configured cpplint exclude dirs and/or files: 
[5.135s] -- Added test 'lint_cmake' to check CMake code style
[5.137s] -- Added test 'uncrustify' to check C / C++ code style
[5.137s] -- Configured uncrustify additional arguments: 
[5.140s] -- Added test 'xmllint' to check XML markup files
[5.143s] -- Configuring done
[5.160s] -- Generating done
[5.163s] -- Build files have been written to: /home/ngvedu/test1_ws/build/sense_origin_build
[5.228s] [ 33%] [32m[1mLinking C executable Sense[0m
[5.375s] /usr/bin/ld: CMakeFiles/Sense.dir/src/Sense.c.o: in function `Sense_step':
[5.375s] Sense.c:(.text+0x5e): undefined reference to `sin'
[5.375s] /usr/bin/ld: Sense.c:(.text+0x78): undefined reference to `cos'
[5.375s] collect2: error: ld returned 1 exit status
[5.377s] make[2]: *** [CMakeFiles/Sense.dir/build.make:146: Sense] Error 1
[5.377s] make[1]: *** [CMakeFiles/Makefile2:78: CMakeFiles/Sense.dir/all] Error 2
[5.378s] make: *** [Makefile:141: all] Error 2
[5.382s] Invoked command in '/home/ngvedu/test1_ws/build/sense_origin_build' returned '2': CMAKE_PREFIX_PATH=/opt/ros/foxy /usr/bin/cmake --build /home/ngvedu/test1_ws/build/sense_origin_build -- -j2 -l2
