[0.038s] Invoking command in '/home/ngvedu/test1_ws/build/sense_origin_build': CMAKE_PREFIX_PATH=/opt/ros/foxy /usr/bin/cmake --build /home/ngvedu/test1_ws/build/sense_origin_build -- -j2 -l2
[0.097s] -- Found ament_cmake: 0.9.9 (/opt/ros/foxy/share/ament_cmake/cmake)
[0.134s] -- Using PYTHON_EXECUTABLE: /usr/bin/python3
[0.377s] -- Found ament_cmake_ros: 0.9.2 (/opt/ros/foxy/share/ament_cmake_ros/cmake)
[0.383s] -- Found rclcpp: 2.4.0 (/opt/ros/foxy/share/rclcpp/cmake)
[0.581s] -- Using all available rosidl_typesupport_c: rosidl_typesupport_fastrtps_c;rosidl_typesupport_introspection_c
[0.584s] -- Found rosidl_adapter: 1.2.1 (/opt/ros/foxy/share/rosidl_adapter/cmake)
[4.946s] -- Using all available rosidl_typesupport_cpp: rosidl_typesupport_fastrtps_cpp;rosidl_typesupport_introspection_cpp
[5.018s] -- Found rmw_implementation_cmake: 1.0.3 (/opt/ros/foxy/share/rmw_implementation_cmake/cmake)
[5.020s] -- Using RMW implementation 'rmw_fastrtps_cpp' as default
[5.235s] CMake Error at CMakeLists.txt:37 (target_link_libraries):
[5.235s]   Cannot specify link libraries for target "ch4" which is not built by this
[5.235s]   project.
[5.235s] 
[5.235s] 
[5.237s] -- Configuring incomplete, errors occurred!
[5.237s] See also "/home/ngvedu/test1_ws/build/sense_origin_build/CMakeFiles/CMakeOutput.log".
[5.237s] See also "/home/ngvedu/test1_ws/build/sense_origin_build/CMakeFiles/CMakeError.log".
[5.249s] make: *** [Makefile:296: cmake_check_build_system] Error 1
[5.253s] Invoked command in '/home/ngvedu/test1_ws/build/sense_origin_build' returned '2': CMAKE_PREFIX_PATH=/opt/ros/foxy /usr/bin/cmake --build /home/ngvedu/test1_ws/build/sense_origin_build -- -j2 -l2
