[0.475s] DEBUG:colcon:Command line arguments: ['/usr/bin/colcon', 'build']
[0.475s] DEBUG:colcon:Parsed command line arguments: Namespace(ament_cmake_args=None, base_paths=['.'], build_base='build', catkin_cmake_args=None, catkin_skip_building_tests=False, cmake_args=None, cmake_clean_cache=False, cmake_clean_first=False, cmake_force_configure=False, cmake_target=None, cmake_target_skip_unavailable=False, continue_on_error=False, event_handlers=None, executor='parallel', ignore_user_meta=False, install_base='install', log_base=None, log_level=None, main=<bound method BuildVerb.main of <colcon_core.verb.build.BuildVerb object at 0x7fa223052df0>>, merge_install=False, metas=['./colcon.meta'], packages_above=None, packages_above_and_dependencies=None, packages_above_depth=None, packages_end=None, packages_ignore=None, packages_ignore_regex=None, packages_select=None, packages_select_build_failed=False, packages_select_by_dep=None, packages_select_regex=None, packages_select_test_failures=False, packages_skip=None, packages_skip_build_finished=False, packages_skip_by_dep=None, packages_skip_regex=None, packages_skip_test_passed=False, packages_skip_up_to=None, packages_start=None, packages_up_to=None, packages_up_to_regex=None, parallel_workers=2, paths=None, symlink_install=False, test_result_base=None, verb_extension=<colcon_core.verb.build.BuildVerb object at 0x7fa223052df0>, verb_name='build', verb_parser=<colcon_defaults.argument_parser.defaults.DefaultArgumentsDecorator object at 0x7fa22305f310>)
[0.482s] Level 1:colcon.colcon_core.package_discovery:discover_packages(colcon_meta) check parameters
[0.482s] Level 1:colcon.colcon_core.package_discovery:discover_packages(recursive) check parameters
[0.482s] Level 1:colcon.colcon_core.package_discovery:discover_packages(ignore) check parameters
[0.482s] Level 1:colcon.colcon_core.package_discovery:discover_packages(path) check parameters
[0.482s] Level 1:colcon.colcon_core.package_discovery:discover_packages(colcon_meta) discover
[0.482s] Level 1:colcon.colcon_core.package_discovery:discover_packages(recursive) discover
[0.482s] INFO:colcon.colcon_core.package_discovery:Crawling recursively for packages in '/home/ngvedu/test1_ws'
[0.483s] Level 1:colcon.colcon_core.package_identification:_identify(.) by extensions ['ignore', 'ignore_ament_install']
[0.483s] Level 1:colcon.colcon_core.package_identification:_identify(.) by extension 'ignore'
[0.483s] Level 1:colcon.colcon_core.package_identification:_identify(.) by extension 'ignore_ament_install'
[0.483s] Level 1:colcon.colcon_core.package_identification:_identify(.) by extensions ['colcon_pkg']
[0.483s] Level 1:colcon.colcon_core.package_identification:_identify(.) by extension 'colcon_pkg'
[0.483s] Level 1:colcon.colcon_core.package_identification:_identify(.) by extensions ['colcon_meta']
[0.483s] Level 1:colcon.colcon_core.package_identification:_identify(.) by extension 'colcon_meta'
[0.483s] Level 1:colcon.colcon_core.package_identification:_identify(.) by extensions ['ros']
[0.483s] Level 1:colcon.colcon_core.package_identification:_identify(.) by extension 'ros'
[0.504s] Level 1:colcon.colcon_core.package_identification:_identify(.) by extensions ['cmake', 'python']
[0.504s] Level 1:colcon.colcon_core.package_identification:_identify(.) by extension 'cmake'
[0.504s] Level 1:colcon.colcon_core.package_identification:_identify(.) by extension 'python'
[0.505s] Level 1:colcon.colcon_core.package_identification:_identify(.) by extensions ['python_setup_py']
[0.505s] Level 1:colcon.colcon_core.package_identification:_identify(.) by extension 'python_setup_py'
[0.505s] Level 1:colcon.colcon_core.package_identification:_identify(build) by extensions ['ignore', 'ignore_ament_install']
[0.505s] Level 1:colcon.colcon_core.package_identification:_identify(build) by extension 'ignore'
[0.505s] Level 1:colcon.colcon_core.package_identification:_identify(build) ignored
[0.505s] Level 1:colcon.colcon_core.package_identification:_identify(install) by extensions ['ignore', 'ignore_ament_install']
[0.505s] Level 1:colcon.colcon_core.package_identification:_identify(install) by extension 'ignore'
[0.505s] Level 1:colcon.colcon_core.package_identification:_identify(install) ignored
[0.505s] Level 1:colcon.colcon_core.package_identification:_identify(log) by extensions ['ignore', 'ignore_ament_install']
[0.505s] Level 1:colcon.colcon_core.package_identification:_identify(log) by extension 'ignore'
[0.505s] Level 1:colcon.colcon_core.package_identification:_identify(log) ignored
[0.506s] Level 1:colcon.colcon_core.package_identification:_identify(src) by extensions ['ignore', 'ignore_ament_install']
[0.506s] Level 1:colcon.colcon_core.package_identification:_identify(src) by extension 'ignore'
[0.506s] Level 1:colcon.colcon_core.package_identification:_identify(src) by extension 'ignore_ament_install'
[0.506s] Level 1:colcon.colcon_core.package_identification:_identify(src) by extensions ['colcon_pkg']
[0.506s] Level 1:colcon.colcon_core.package_identification:_identify(src) by extension 'colcon_pkg'
[0.506s] Level 1:colcon.colcon_core.package_identification:_identify(src) by extensions ['colcon_meta']
[0.506s] Level 1:colcon.colcon_core.package_identification:_identify(src) by extension 'colcon_meta'
[0.506s] Level 1:colcon.colcon_core.package_identification:_identify(src) by extensions ['ros']
[0.506s] Level 1:colcon.colcon_core.package_identification:_identify(src) by extension 'ros'
[0.506s] Level 1:colcon.colcon_core.package_identification:_identify(src) by extensions ['cmake', 'python']
[0.506s] Level 1:colcon.colcon_core.package_identification:_identify(src) by extension 'cmake'
[0.506s] Level 1:colcon.colcon_core.package_identification:_identify(src) by extension 'python'
[0.506s] Level 1:colcon.colcon_core.package_identification:_identify(src) by extensions ['python_setup_py']
[0.506s] Level 1:colcon.colcon_core.package_identification:_identify(src) by extension 'python_setup_py'
[0.506s] Level 1:colcon.colcon_core.package_identification:_identify(src/sense_origin_build) by extensions ['ignore', 'ignore_ament_install']
[0.506s] Level 1:colcon.colcon_core.package_identification:_identify(src/sense_origin_build) by extension 'ignore'
[0.506s] Level 1:colcon.colcon_core.package_identification:_identify(src/sense_origin_build) by extension 'ignore_ament_install'
[0.506s] Level 1:colcon.colcon_core.package_identification:_identify(src/sense_origin_build) by extensions ['colcon_pkg']
[0.506s] Level 1:colcon.colcon_core.package_identification:_identify(src/sense_origin_build) by extension 'colcon_pkg'
[0.507s] Level 1:colcon.colcon_core.package_identification:_identify(src/sense_origin_build) by extensions ['colcon_meta']
[0.507s] Level 1:colcon.colcon_core.package_identification:_identify(src/sense_origin_build) by extension 'colcon_meta'
[0.507s] Level 1:colcon.colcon_core.package_identification:_identify(src/sense_origin_build) by extensions ['ros']
[0.507s] Level 1:colcon.colcon_core.package_identification:_identify(src/sense_origin_build) by extension 'ros'
[0.509s] DEBUG:colcon.colcon_core.package_identification:Package 'src/sense_origin_build' with type 'ros.ament_cmake' and name 'sense_origin_build'
[0.510s] Level 1:colcon.colcon_core.package_discovery:discover_packages(recursive) using defaults
[0.510s] Level 1:colcon.colcon_core.package_discovery:discover_packages(ignore) discover
[0.510s] Level 1:colcon.colcon_core.package_discovery:discover_packages(ignore) using defaults
[0.510s] Level 1:colcon.colcon_core.package_discovery:discover_packages(path) discover
[0.510s] Level 1:colcon.colcon_core.package_discovery:discover_packages(path) using defaults
[0.535s] Level 5:colcon.colcon_core.verb:set package 'sense_origin_build' build argument 'cmake_args' from command line to 'None'
[0.535s] Level 5:colcon.colcon_core.verb:set package 'sense_origin_build' build argument 'cmake_target' from command line to 'None'
[0.535s] Level 5:colcon.colcon_core.verb:set package 'sense_origin_build' build argument 'cmake_target_skip_unavailable' from command line to 'False'
[0.535s] Level 5:colcon.colcon_core.verb:set package 'sense_origin_build' build argument 'cmake_clean_cache' from command line to 'False'
[0.536s] Level 5:colcon.colcon_core.verb:set package 'sense_origin_build' build argument 'cmake_clean_first' from command line to 'False'
[0.536s] Level 5:colcon.colcon_core.verb:set package 'sense_origin_build' build argument 'cmake_force_configure' from command line to 'False'
[0.536s] Level 5:colcon.colcon_core.verb:set package 'sense_origin_build' build argument 'ament_cmake_args' from command line to 'None'
[0.536s] Level 5:colcon.colcon_core.verb:set package 'sense_origin_build' build argument 'catkin_cmake_args' from command line to 'None'
[0.536s] Level 5:colcon.colcon_core.verb:set package 'sense_origin_build' build argument 'catkin_skip_building_tests' from command line to 'False'
[0.536s] DEBUG:colcon.colcon_core.verb:Building package 'sense_origin_build' with the following arguments: {'ament_cmake_args': None, 'build_base': '/home/ngvedu/test1_ws/build/sense_origin_build', 'catkin_cmake_args': None, 'catkin_skip_building_tests': False, 'cmake_args': None, 'cmake_clean_cache': False, 'cmake_clean_first': False, 'cmake_force_configure': False, 'cmake_target': None, 'cmake_target_skip_unavailable': False, 'install_base': '/home/ngvedu/test1_ws/install/sense_origin_build', 'merge_install': False, 'path': '/home/ngvedu/test1_ws/src/sense_origin_build', 'symlink_install': False, 'test_result_base': None}
[0.536s] INFO:colcon.colcon_core.executor:Executing jobs using 'parallel' executor
[0.539s] DEBUG:colcon.colcon_parallel_executor.executor.parallel:run_until_complete
[0.540s] INFO:colcon.colcon_ros.task.ament_cmake.build:Building ROS package in '/home/ngvedu/test1_ws/src/sense_origin_build' with build type 'ament_cmake'
[0.540s] INFO:colcon.colcon_cmake.task.cmake.build:Building CMake package in '/home/ngvedu/test1_ws/src/sense_origin_build'
[0.548s] INFO:colcon.colcon_core.plugin_system:Skipping extension 'colcon_core.shell.bat': Not used on non-Windows systems
[0.548s] INFO:colcon.colcon_core.shell:Skip shell extension 'powershell' for command environment: Not usable outside of PowerShell
[0.548s] DEBUG:colcon.colcon_core.shell:Skip shell extension 'dsv' for command environment
[0.551s] DEBUG:colcon.colcon_core.shell:Ignoring prefix path '/opt/ros/foxy'
[0.571s] DEBUG:colcon.colcon_core.event_handler.log_command:Invoking command in '/home/ngvedu/test1_ws/build/sense_origin_build': CMAKE_PREFIX_PATH=${CMAKE_PREFIX_PATH}:/opt/ros/foxy /usr/bin/cmake --build /home/ngvedu/test1_ws/build/sense_origin_build -- -j2 -l2
[5.594s] DEBUG:colcon.colcon_core.event_handler.log_command:Invoked command in '/home/ngvedu/test1_ws/build/sense_origin_build' returned '0': CMAKE_PREFIX_PATH=${CMAKE_PREFIX_PATH}:/opt/ros/foxy /usr/bin/cmake --build /home/ngvedu/test1_ws/build/sense_origin_build -- -j2 -l2
[5.735s] DEBUG:colcon.colcon_core.event_handler.log_command:Invoking command in '/home/ngvedu/test1_ws/build/sense_origin_build': CMAKE_PREFIX_PATH=${CMAKE_PREFIX_PATH}:/opt/ros/foxy /usr/bin/cmake --install /home/ngvedu/test1_ws/build/sense_origin_build
[5.789s] Level 1:colcon.colcon_core.environment:create_environment_scripts_only(sense_origin_build)
[5.807s] DEBUG:colcon.colcon_core.event_handler.log_command:Invoked command in '/home/ngvedu/test1_ws/build/sense_origin_build' returned '0': CMAKE_PREFIX_PATH=${CMAKE_PREFIX_PATH}:/opt/ros/foxy /usr/bin/cmake --install /home/ngvedu/test1_ws/build/sense_origin_build
[5.824s] Level 1:colcon.colcon_core.environment:checking '/home/ngvedu/test1_ws/install/sense_origin_build' for CMake module files
[5.825s] Level 1:colcon.colcon_core.environment:checking '/home/ngvedu/test1_ws/install/sense_origin_build' for CMake config files
[5.826s] Level 1:colcon.colcon_core.shell:create_environment_hook('sense_origin_build', 'cmake_prefix_path')
[5.827s] INFO:colcon.colcon_core.shell:Creating environment hook '/home/ngvedu/test1_ws/install/sense_origin_build/share/sense_origin_build/hook/cmake_prefix_path.ps1'
[5.828s] INFO:colcon.colcon_core.shell:Creating environment descriptor '/home/ngvedu/test1_ws/install/sense_origin_build/share/sense_origin_build/hook/cmake_prefix_path.dsv'
[5.839s] INFO:colcon.colcon_core.shell:Creating environment hook '/home/ngvedu/test1_ws/install/sense_origin_build/share/sense_origin_build/hook/cmake_prefix_path.sh'
[5.841s] Level 1:colcon.colcon_core.environment:checking '/home/ngvedu/test1_ws/install/sense_origin_build/lib'
[5.842s] Level 1:colcon.colcon_core.environment:checking '/home/ngvedu/test1_ws/install/sense_origin_build/bin'
[5.842s] Level 1:colcon.colcon_core.environment:checking '/home/ngvedu/test1_ws/install/sense_origin_build/lib/pkgconfig/sense_origin_build.pc'
[5.842s] Level 1:colcon.colcon_core.environment:checking '/home/ngvedu/test1_ws/install/sense_origin_build/lib/python3.8/site-packages'
[5.843s] INFO:colcon.colcon_core.shell:Creating package script '/home/ngvedu/test1_ws/install/sense_origin_build/share/sense_origin_build/package.ps1'
[5.844s] INFO:colcon.colcon_core.shell:Creating package descriptor '/home/ngvedu/test1_ws/install/sense_origin_build/share/sense_origin_build/package.dsv'
[5.845s] INFO:colcon.colcon_core.shell:Creating package script '/home/ngvedu/test1_ws/install/sense_origin_build/share/sense_origin_build/package.sh'
[5.846s] INFO:colcon.colcon_core.shell:Creating package script '/home/ngvedu/test1_ws/install/sense_origin_build/share/sense_origin_build/package.bash'
[5.848s] INFO:colcon.colcon_core.shell:Creating package script '/home/ngvedu/test1_ws/install/sense_origin_build/share/sense_origin_build/package.zsh'
[5.850s] Level 1:colcon.colcon_core.environment:create_file_with_runtime_dependencies(/home/ngvedu/test1_ws/install/sense_origin_build/share/colcon-core/packages/sense_origin_build)
[5.952s] Level 1:colcon.colcon_core.environment:create_environment_scripts_only(sense_origin_build)
[5.965s] Level 1:colcon.colcon_core.environment:checking '/home/ngvedu/test1_ws/install/sense_origin_build' for CMake module files
[5.966s] Level 1:colcon.colcon_core.environment:checking '/home/ngvedu/test1_ws/install/sense_origin_build' for CMake config files
[5.967s] Level 1:colcon.colcon_core.shell:create_environment_hook('sense_origin_build', 'cmake_prefix_path')
[5.968s] INFO:colcon.colcon_core.shell:Creating environment hook '/home/ngvedu/test1_ws/install/sense_origin_build/share/sense_origin_build/hook/cmake_prefix_path.ps1'
[5.971s] INFO:colcon.colcon_core.shell:Creating environment descriptor '/home/ngvedu/test1_ws/install/sense_origin_build/share/sense_origin_build/hook/cmake_prefix_path.dsv'
[5.972s] INFO:colcon.colcon_core.shell:Creating environment hook '/home/ngvedu/test1_ws/install/sense_origin_build/share/sense_origin_build/hook/cmake_prefix_path.sh'
[5.973s] Level 1:colcon.colcon_core.environment:checking '/home/ngvedu/test1_ws/install/sense_origin_build/lib'
[5.973s] Level 1:colcon.colcon_core.environment:checking '/home/ngvedu/test1_ws/install/sense_origin_build/bin'
[5.973s] Level 1:colcon.colcon_core.environment:checking '/home/ngvedu/test1_ws/install/sense_origin_build/lib/pkgconfig/sense_origin_build.pc'
[5.973s] Level 1:colcon.colcon_core.environment:checking '/home/ngvedu/test1_ws/install/sense_origin_build/lib/python3.8/site-packages'
[5.974s] INFO:colcon.colcon_core.shell:Creating package script '/home/ngvedu/test1_ws/install/sense_origin_build/share/sense_origin_build/package.ps1'
[5.975s] INFO:colcon.colcon_core.shell:Creating package descriptor '/home/ngvedu/test1_ws/install/sense_origin_build/share/sense_origin_build/package.dsv'
[5.987s] INFO:colcon.colcon_core.shell:Creating package script '/home/ngvedu/test1_ws/install/sense_origin_build/share/sense_origin_build/package.sh'
[5.987s] INFO:colcon.colcon_core.shell:Creating package script '/home/ngvedu/test1_ws/install/sense_origin_build/share/sense_origin_build/package.bash'
[5.988s] INFO:colcon.colcon_core.shell:Creating package script '/home/ngvedu/test1_ws/install/sense_origin_build/share/sense_origin_build/package.zsh'
[5.989s] Level 1:colcon.colcon_core.environment:create_file_with_runtime_dependencies(/home/ngvedu/test1_ws/install/sense_origin_build/share/colcon-core/packages/sense_origin_build)
[5.990s] DEBUG:colcon.colcon_parallel_executor.executor.parallel:closing loop
[5.991s] DEBUG:colcon.colcon_parallel_executor.executor.parallel:loop closed
[5.991s] DEBUG:colcon.colcon_parallel_executor.executor.parallel:run_until_complete finished with '0'
[5.992s] DEBUG:colcon.colcon_core.event_reactor:joining thread
[6.076s] INFO:colcon.colcon_core.plugin_system:Skipping extension 'colcon_notification.desktop_notification.notify_send': Could not find 'notify-send'
[6.076s] INFO:colcon.colcon_core.plugin_system:Skipping extension 'colcon_notification.desktop_notification.terminal_notifier': Not used on non-Darwin systems
[6.077s] INFO:colcon.colcon_core.plugin_system:Skipping extension 'colcon_notification.desktop_notification.win32': Not used on non-Windows systems
[6.077s] INFO:colcon.colcon_notification.desktop_notification:Sending desktop notification using 'notify2'
[6.106s] DEBUG:colcon.colcon_notification.desktop_notification.notify2:Failed to initialize notify2: org.freedesktop.DBus.Error.ServiceUnknown: The name org.freedesktop.Notifications was not provided by any .service files
[6.107s] DEBUG:colcon.colcon_core.event_reactor:joined thread
[6.109s] INFO:colcon.colcon_core.shell:Creating prefix script '/home/ngvedu/test1_ws/install/local_setup.ps1'
[6.113s] INFO:colcon.colcon_core.shell:Creating prefix util module '/home/ngvedu/test1_ws/install/_local_setup_util_ps1.py'
[6.115s] INFO:colcon.colcon_core.shell:Creating prefix chain script '/home/ngvedu/test1_ws/install/setup.ps1'
[6.131s] INFO:colcon.colcon_core.shell:Creating prefix script '/home/ngvedu/test1_ws/install/local_setup.sh'
[6.132s] INFO:colcon.colcon_core.shell:Creating prefix util module '/home/ngvedu/test1_ws/install/_local_setup_util_sh.py'
[6.132s] INFO:colcon.colcon_core.shell:Creating prefix chain script '/home/ngvedu/test1_ws/install/setup.sh'
[6.136s] INFO:colcon.colcon_core.shell:Creating prefix script '/home/ngvedu/test1_ws/install/local_setup.bash'
[6.136s] INFO:colcon.colcon_core.shell:Creating prefix chain script '/home/ngvedu/test1_ws/install/setup.bash'
[6.140s] INFO:colcon.colcon_core.shell:Creating prefix script '/home/ngvedu/test1_ws/install/local_setup.zsh'
[6.152s] INFO:colcon.colcon_core.shell:Creating prefix chain script '/home/ngvedu/test1_ws/install/setup.zsh'
