[0.023s] Invoking command in '/home/ngvedu/test1_ws/build/sense_origin_build': CMAKE_PREFIX_PATH=/opt/ros/foxy /usr/bin/cmake --build /home/ngvedu/test1_ws/build/sense_origin_build -- -j2 -l2
[0.129s] -- Found ament_cmake: 0.9.9 (/opt/ros/foxy/share/ament_cmake/cmake)
[0.187s] -- Using PYTHON_EXECUTABLE: /usr/bin/python3
[0.612s] -- Found rclcpp: 2.4.0 (/opt/ros/foxy/share/rclcpp/cmake)
[0.858s] -- Using all available rosidl_typesupport_c: rosidl_typesupport_fastrtps_c;rosidl_typesupport_introspection_c
[0.866s] -- Found rosidl_adapter: 1.2.1 (/opt/ros/foxy/share/rosidl_adapter/cmake)
[6.423s] -- Using all available rosidl_typesupport_cpp: rosidl_typesupport_fastrtps_cpp;rosidl_typesupport_introspection_cpp
[6.555s] -- Found rmw_implementation_cmake: 1.0.3 (/opt/ros/foxy/share/rmw_implementation_cmake/cmake)
[6.556s] -- Using RMW implementation 'rmw_fastrtps_cpp' as default
[6.966s] -- Found ament_lint_auto: 0.9.6 (/opt/ros/foxy/share/ament_lint_auto/cmake)
[7.135s] -- Added test 'copyright' to check source files copyright and LICENSE
[7.138s] -- Added test 'cppcheck' to perform static code analysis on C / C++ code
[7.139s] -- Configured cppcheck include dirs: /home/ngvedu/test1_ws/src/sense_origin_build/include/sense_origin_build;$<BUILD_INTERFACE:/home/ngvedu/test1_ws/src/sense_origin_build/include>
[7.139s] -- Configured cppcheck exclude dirs and/or files: 
[7.148s] -- Added test 'cpplint' to check C / C++ code against the Google style
[7.148s] -- Configured cpplint exclude dirs and/or files: 
[7.150s] -- Added test 'lint_cmake' to check CMake code style
[7.152s] -- Added test 'uncrustify' to check C / C++ code style
[7.152s] -- Configured uncrustify additional arguments: 
[7.153s] -- Added test 'xmllint' to check XML markup files
[7.158s] -- Configuring done
[7.178s] -- Generating done
[7.182s] -- Build files have been written to: /home/ngvedu/test1_ws/build/sense_origin_build
[7.240s] [35m[1mScanning dependencies of target Sense[0m
[7.277s] [ 33%] [32mBuilding C object CMakeFiles/Sense.dir/src/ert_main.c.o[0m
[7.278s] [ 66%] [32mBuilding C object CMakeFiles/Sense.dir/src/Sense.c.o[0m
[7.401s] [100%] [32m[1mLinking C executable Sense[0m
[7.572s] /usr/bin/ld: CMakeFiles/Sense.dir/src/Sense.c.o: in function `Sense_step':
[7.572s] Sense.c:(.text+0x5e): undefined reference to `sin'
[7.572s] /usr/bin/ld: Sense.c:(.text+0x78): undefined reference to `cos'
[7.573s] collect2: error: ld returned 1 exit status
[7.575s] make[2]: *** [CMakeFiles/Sense.dir/build.make:146: Sense] Error 1
[7.575s] make[1]: *** [CMakeFiles/Makefile2:78: CMakeFiles/Sense.dir/all] Error 2
[7.575s] make: *** [Makefile:141: all] Error 2
[7.585s] Invoked command in '/home/ngvedu/test1_ws/build/sense_origin_build' returned '2': CMAKE_PREFIX_PATH=/opt/ros/foxy /usr/bin/cmake --build /home/ngvedu/test1_ws/build/sense_origin_build -- -j2 -l2
