[0.027s] Invoking command in '/home/ngvedu/test1_ws/build/sense_origin_build': CMAKE_PREFIX_PATH=/opt/ros/foxy /usr/bin/cmake --build /home/ngvedu/test1_ws/build/sense_origin_build -- -j2 -l2
[0.080s] -- Found ament_cmake: 0.9.9 (/opt/ros/foxy/share/ament_cmake/cmake)
[0.126s] -- Using PYTHON_EXECUTABLE: /usr/bin/python3
[0.354s] -- Found ament_cmake_ros: 0.9.2 (/opt/ros/foxy/share/ament_cmake_ros/cmake)
[0.358s] -- Found rclcpp: 2.4.0 (/opt/ros/foxy/share/rclcpp/cmake)
[0.516s] -- Using all available rosidl_typesupport_c: rosidl_typesupport_fastrtps_c;rosidl_typesupport_introspection_c
[0.523s] -- Found rosidl_adapter: 1.2.1 (/opt/ros/foxy/share/rosidl_adapter/cmake)
[4.949s] -- Using all available rosidl_typesupport_cpp: rosidl_typesupport_fastrtps_cpp;rosidl_typesupport_introspection_cpp
[5.019s] -- Found rmw_implementation_cmake: 1.0.3 (/opt/ros/foxy/share/rmw_implementation_cmake/cmake)
[5.021s] -- Using RMW implementation 'rmw_fastrtps_cpp' as default
[5.318s] -- Configuring done
[5.331s] -- Generating done
[5.334s] -- Build files have been written to: /home/ngvedu/test1_ws/build/sense_origin_build
[5.402s] [ 33%] [32m[1mLinking C executable Sense[0m
[5.576s] [100%] Built target Sense
[5.594s] Invoked command in '/home/ngvedu/test1_ws/build/sense_origin_build' returned '0': CMAKE_PREFIX_PATH=/opt/ros/foxy /usr/bin/cmake --build /home/ngvedu/test1_ws/build/sense_origin_build -- -j2 -l2
[5.650s] Invoking command in '/home/ngvedu/test1_ws/build/sense_origin_build': CMAKE_PREFIX_PATH=/opt/ros/foxy /usr/bin/cmake --install /home/ngvedu/test1_ws/build/sense_origin_build
[5.667s] -- Install configuration: ""
[5.667s] -- Installing: /home/ngvedu/test1_ws/install/sense_origin_build/lib/sense_origin_build/Sense
[5.668s] -- Installing: /home/ngvedu/test1_ws/install/sense_origin_build/share/ament_index/resource_index/package_run_dependencies/sense_origin_build
[5.668s] -- Up-to-date: /home/ngvedu/test1_ws/install/sense_origin_build/share/ament_index/resource_index/parent_prefix_path/sense_origin_build
[5.669s] -- Up-to-date: /home/ngvedu/test1_ws/install/sense_origin_build/share/sense_origin_build/environment/ament_prefix_path.sh
[5.669s] -- Installing: /home/ngvedu/test1_ws/install/sense_origin_build/share/sense_origin_build/environment/ament_prefix_path.dsv
[5.669s] -- Up-to-date: /home/ngvedu/test1_ws/install/sense_origin_build/share/sense_origin_build/environment/path.sh
[5.669s] -- Installing: /home/ngvedu/test1_ws/install/sense_origin_build/share/sense_origin_build/environment/path.dsv
[5.669s] -- Up-to-date: /home/ngvedu/test1_ws/install/sense_origin_build/share/sense_origin_build/local_setup.bash
[5.669s] -- Up-to-date: /home/ngvedu/test1_ws/install/sense_origin_build/share/sense_origin_build/local_setup.sh
[5.669s] -- Up-to-date: /home/ngvedu/test1_ws/install/sense_origin_build/share/sense_origin_build/local_setup.zsh
[5.670s] -- Installing: /home/ngvedu/test1_ws/install/sense_origin_build/share/sense_origin_build/local_setup.dsv
[5.670s] -- Installing: /home/ngvedu/test1_ws/install/sense_origin_build/share/sense_origin_build/package.dsv
[5.670s] -- Up-to-date: /home/ngvedu/test1_ws/install/sense_origin_build/share/ament_index/resource_index/packages/sense_origin_build
[5.670s] -- Installing: /home/ngvedu/test1_ws/install/sense_origin_build/share/sense_origin_build/cmake/ament_cmake_export_include_directories-extras.cmake
[5.671s] -- Installing: /home/ngvedu/test1_ws/install/sense_origin_build/share/sense_origin_build/cmake/sense_origin_buildConfig.cmake
[5.671s] -- Up-to-date: /home/ngvedu/test1_ws/install/sense_origin_build/share/sense_origin_build/cmake/sense_origin_buildConfig-version.cmake
[5.671s] -- Installing: /home/ngvedu/test1_ws/install/sense_origin_build/share/sense_origin_build/package.xml
[5.677s] Invoked command in '/home/ngvedu/test1_ws/build/sense_origin_build' returned '0': CMAKE_PREFIX_PATH=/opt/ros/foxy /usr/bin/cmake --install /home/ngvedu/test1_ws/build/sense_origin_build
