[0.027s] Invoking command in '/home/ngvedu/test1_ws/build/sense_origin_build': CMAKE_PREFIX_PATH=${CMAKE_PREFIX_PATH}:/opt/ros/foxy /usr/bin/cmake --build /home/ngvedu/test1_ws/build/sense_origin_build -- -j2 -l2
[0.119s] [35m[1mScanning dependencies of target Sense[0m
[0.167s] [ 33%] [32mBuilding CXX object CMakeFiles/Sense.dir/src/ert_main.cpp.o[0m
[4.543s] [ 66%] [32m[1mLinking CXX executable Sense[0m
[4.989s] [100%] Built target Sense
[5.050s] Invoked command in '/home/ngvedu/test1_ws/build/sense_origin_build' returned '0': CMAKE_PREFIX_PATH=${CMAKE_PREFIX_PATH}:/opt/ros/foxy /usr/bin/cmake --build /home/ngvedu/test1_ws/build/sense_origin_build -- -j2 -l2
[5.191s] Invoking command in '/home/ngvedu/test1_ws/build/sense_origin_build': CMAKE_PREFIX_PATH=${CMAKE_PREFIX_PATH}:/opt/ros/foxy /usr/bin/cmake --install /home/ngvedu/test1_ws/build/sense_origin_build
[5.231s] -- Install configuration: ""
[5.231s] -- Installing: /home/ngvedu/test1_ws/install/sense_origin_build/lib/sense_origin_build/Sense
[5.231s] -- Up-to-date: /home/ngvedu/test1_ws/install/sense_origin_build/share/ament_index/resource_index/package_run_dependencies/sense_origin_build
[5.231s] -- Up-to-date: /home/ngvedu/test1_ws/install/sense_origin_build/share/ament_index/resource_index/parent_prefix_path/sense_origin_build
[5.231s] -- Up-to-date: /home/ngvedu/test1_ws/install/sense_origin_build/share/sense_origin_build/environment/ament_prefix_path.sh
[5.232s] -- Up-to-date: /home/ngvedu/test1_ws/install/sense_origin_build/share/sense_origin_build/environment/ament_prefix_path.dsv
[5.232s] -- Up-to-date: /home/ngvedu/test1_ws/install/sense_origin_build/share/sense_origin_build/environment/path.sh
[5.232s] -- Up-to-date: /home/ngvedu/test1_ws/install/sense_origin_build/share/sense_origin_build/environment/path.dsv
[5.232s] -- Up-to-date: /home/ngvedu/test1_ws/install/sense_origin_build/share/sense_origin_build/local_setup.bash
[5.250s] -- Up-to-date: /home/ngvedu/test1_ws/install/sense_origin_build/share/sense_origin_build/local_setup.sh
[5.250s] -- Up-to-date: /home/ngvedu/test1_ws/install/sense_origin_build/share/sense_origin_build/local_setup.zsh
[5.250s] -- Up-to-date: /home/ngvedu/test1_ws/install/sense_origin_build/share/sense_origin_build/local_setup.dsv
[5.251s] -- Installing: /home/ngvedu/test1_ws/install/sense_origin_build/share/sense_origin_build/package.dsv
[5.251s] -- Up-to-date: /home/ngvedu/test1_ws/install/sense_origin_build/share/ament_index/resource_index/packages/sense_origin_build
[5.252s] -- Up-to-date: /home/ngvedu/test1_ws/install/sense_origin_build/share/sense_origin_build/cmake/ament_cmake_export_include_directories-extras.cmake
[5.252s] -- Up-to-date: /home/ngvedu/test1_ws/install/sense_origin_build/share/sense_origin_build/cmake/sense_origin_buildConfig.cmake
[5.253s] -- Up-to-date: /home/ngvedu/test1_ws/install/sense_origin_build/share/sense_origin_build/cmake/sense_origin_buildConfig-version.cmake
[5.253s] -- Up-to-date: /home/ngvedu/test1_ws/install/sense_origin_build/share/sense_origin_build/package.xml
[5.254s] Invoked command in '/home/ngvedu/test1_ws/build/sense_origin_build' returned '0': CMAKE_PREFIX_PATH=${CMAKE_PREFIX_PATH}:/opt/ros/foxy /usr/bin/cmake --install /home/ngvedu/test1_ws/build/sense_origin_build
