[0.029s] Invoking command in '/home/ngvedu/test1_ws/build/sense_origin_build': CMAKE_PREFIX_PATH=/opt/ros/foxy /usr/bin/cmake --build /home/ngvedu/test1_ws/build/sense_origin_build -- -j2 -l2
[0.143s] -- Found ament_cmake: 0.9.9 (/opt/ros/foxy/share/ament_cmake/cmake)
[0.217s] -- Using PYTHON_EXECUTABLE: /usr/bin/python3
[0.560s] -- Found rclcpp: 2.4.0 (/opt/ros/foxy/share/rclcpp/cmake)
[0.762s] -- Using all available rosidl_typesupport_c: rosidl_typesupport_fastrtps_c;rosidl_typesupport_introspection_c
[0.767s] -- Found rosidl_adapter: 1.2.1 (/opt/ros/foxy/share/rosidl_adapter/cmake)
[4.960s] -- Using all available rosidl_typesupport_cpp: rosidl_typesupport_fastrtps_cpp;rosidl_typesupport_introspection_cpp
[5.102s] -- Found rmw_implementation_cmake: 1.0.3 (/opt/ros/foxy/share/rmw_implementation_cmake/cmake)
[5.102s] -- Using RMW implementation 'rmw_fastrtps_cpp' as default
[5.492s] -- Found ament_lint_auto: 0.9.6 (/opt/ros/foxy/share/ament_lint_auto/cmake)
[5.741s] -- Added test 'copyright' to check source files copyright and LICENSE
[5.742s] -- Added test 'cppcheck' to perform static code analysis on C / C++ code
[5.743s] -- Configured cppcheck include dirs: /home/ngvedu/test1_ws/src/sense_origin_build/include/sense_origin_build;$<BUILD_INTERFACE:/home/ngvedu/test1_ws/src/sense_origin_build/include>
[5.743s] -- Configured cppcheck exclude dirs and/or files: 
[5.760s] -- Added test 'cpplint' to check C / C++ code against the Google style
[5.760s] -- Configured cpplint exclude dirs and/or files: 
[5.760s] -- Added test 'lint_cmake' to check CMake code style
[5.760s] -- Added test 'uncrustify' to check C / C++ code style
[5.760s] -- Configured uncrustify additional arguments: 
[5.761s] -- Added test 'xmllint' to check XML markup files
[5.776s] -- Configuring done
[5.815s] -- Generating done
[5.815s] -- Build files have been written to: /home/ngvedu/test1_ws/build/sense_origin_build
[5.934s] [ 33%] [32mBuilding C object CMakeFiles/Sense.dir/src/Sense.c.o[0m
[5.956s] [ 66%] [32mBuilding C object CMakeFiles/Sense.dir/src/ert_main.c.o[0m
[6.108s] [100%] [32m[1mLinking C executable Sense[0m
[6.294s] /usr/bin/ld: CMakeFiles/Sense.dir/src/Sense.c.o: in function `Sense_step':
[6.294s] Sense.c:(.text+0x5e): undefined reference to `sin'
[6.294s] /usr/bin/ld: Sense.c:(.text+0x78): undefined reference to `cos'
[6.296s] collect2: error: ld returned 1 exit status
[6.306s] make[2]: *** [CMakeFiles/Sense.dir/build.make:146: Sense] Error 1
[6.307s] make[1]: *** [CMakeFiles/Makefile2:78: CMakeFiles/Sense.dir/all] Error 2
[6.307s] make: *** [Makefile:141: all] Error 2
[6.318s] Invoked command in '/home/ngvedu/test1_ws/build/sense_origin_build' returned '2': CMAKE_PREFIX_PATH=/opt/ros/foxy /usr/bin/cmake --build /home/ngvedu/test1_ws/build/sense_origin_build -- -j2 -l2
