[0.018s] Invoking command in '/home/ngvedu/test1_ws/build/sense_origin_build': CMAKE_PREFIX_PATH=/opt/ros/foxy /usr/bin/cmake /home/ngvedu/test1_ws/src/sense_origin_build -DCMAKE_INSTALL_PREFIX=/home/ngvedu/test1_ws/install/sense_origin_build
[0.403s] -- The C compiler identification is GNU 9.3.0
[0.984s] -- The CXX compiler identification is GNU 9.3.0
[1.157s] -- Check for working C compiler: /usr/bin/cc
[1.430s] -- Check for working C compiler: /usr/bin/cc -- works
[1.430s] -- Detecting C compiler ABI info
[1.661s] -- Detecting C compiler ABI info - done
[1.690s] -- Detecting C compile features
[1.691s] -- Detecting C compile features - done
[1.697s] -- Check for working CXX compiler: /usr/bin/c++
[1.955s] -- Check for working CXX compiler: /usr/bin/c++ -- works
[1.957s] -- Detecting CXX compiler ABI info
[2.233s] -- Detecting CXX compiler ABI info - done
[2.263s] -- Detecting CXX compile features
[2.264s] -- Detecting CXX compile features - done
[2.275s] -- Found ament_cmake: 0.9.9 (/opt/ros/foxy/share/ament_cmake/cmake)
[2.330s] -- Found PythonInterp: /usr/bin/python3 (found suitable version "3.8.10", minimum required is "3") 
[2.330s] -- Using PYTHON_EXECUTABLE: /usr/bin/python3
[2.752s] -- Found ament_lint_auto: 0.9.6 (/opt/ros/foxy/share/ament_lint_auto/cmake)
[2.901s] -- Added test 'copyright' to check source files copyright and LICENSE
[2.905s] -- Added test 'lint_cmake' to check CMake code style
[2.912s] -- Added test 'xmllint' to check XML markup files
[2.916s] -- Configuring done
[2.922s] -- Generating done
[2.924s] -- Build files have been written to: /home/ngvedu/test1_ws/build/sense_origin_build
[2.936s] Invoked command in '/home/ngvedu/test1_ws/build/sense_origin_build' returned '0': CMAKE_PREFIX_PATH=/opt/ros/foxy /usr/bin/cmake /home/ngvedu/test1_ws/src/sense_origin_build -DCMAKE_INSTALL_PREFIX=/home/ngvedu/test1_ws/install/sense_origin_build
[2.938s] Invoking command in '/home/ngvedu/test1_ws/build/sense_origin_build': CMAKE_PREFIX_PATH=/opt/ros/foxy /usr/bin/cmake --build /home/ngvedu/test1_ws/build/sense_origin_build -- -j2 -l2
[3.027s] Invoked command in '/home/ngvedu/test1_ws/build/sense_origin_build' returned '0': CMAKE_PREFIX_PATH=/opt/ros/foxy /usr/bin/cmake --build /home/ngvedu/test1_ws/build/sense_origin_build -- -j2 -l2
[3.093s] Invoking command in '/home/ngvedu/test1_ws/build/sense_origin_build': CMAKE_PREFIX_PATH=/opt/ros/foxy /usr/bin/cmake --install /home/ngvedu/test1_ws/build/sense_origin_build
[3.115s] -- Install configuration: ""
[3.117s] -- Installing: /home/ngvedu/test1_ws/install/sense_origin_build/share/ament_index/resource_index/package_run_dependencies/sense_origin_build
[3.118s] -- Installing: /home/ngvedu/test1_ws/install/sense_origin_build/share/ament_index/resource_index/parent_prefix_path/sense_origin_build
[3.119s] -- Installing: /home/ngvedu/test1_ws/install/sense_origin_build/share/sense_origin_build/environment/ament_prefix_path.sh
[3.119s] -- Installing: /home/ngvedu/test1_ws/install/sense_origin_build/share/sense_origin_build/environment/ament_prefix_path.dsv
[3.120s] -- Installing: /home/ngvedu/test1_ws/install/sense_origin_build/share/sense_origin_build/environment/path.sh
[3.120s] -- Installing: /home/ngvedu/test1_ws/install/sense_origin_build/share/sense_origin_build/environment/path.dsv
[3.121s] -- Installing: /home/ngvedu/test1_ws/install/sense_origin_build/share/sense_origin_build/local_setup.bash
[3.121s] -- Installing: /home/ngvedu/test1_ws/install/sense_origin_build/share/sense_origin_build/local_setup.sh
[3.122s] -- Installing: /home/ngvedu/test1_ws/install/sense_origin_build/share/sense_origin_build/local_setup.zsh
[3.122s] -- Installing: /home/ngvedu/test1_ws/install/sense_origin_build/share/sense_origin_build/local_setup.dsv
[3.123s] -- Installing: /home/ngvedu/test1_ws/install/sense_origin_build/share/sense_origin_build/package.dsv
[3.124s] -- Installing: /home/ngvedu/test1_ws/install/sense_origin_build/share/ament_index/resource_index/packages/sense_origin_build
[3.124s] -- Installing: /home/ngvedu/test1_ws/install/sense_origin_build/share/sense_origin_build/cmake/sense_origin_buildConfig.cmake
[3.125s] -- Installing: /home/ngvedu/test1_ws/install/sense_origin_build/share/sense_origin_build/cmake/sense_origin_buildConfig-version.cmake
[3.125s] -- Installing: /home/ngvedu/test1_ws/install/sense_origin_build/share/sense_origin_build/package.xml
[3.150s] Invoked command in '/home/ngvedu/test1_ws/build/sense_origin_build' returned '0': CMAKE_PREFIX_PATH=/opt/ros/foxy /usr/bin/cmake --install /home/ngvedu/test1_ws/build/sense_origin_build
